M2 started on port 8002
M2 received: PREPARE:M5:1.M5:M3
M2 sending to M5: PROMISE:M2:1.M5
M2 received: ACCEPT_REQUEST:M5:1.M5:M3
M2 received: ACCEPTED:M1:1.M5:M3
M2 sending to M1: ACCEPTED:M2:1.M5:M3
M2 sending to M3: ACCEPTED:M2:1.M5:M3
M2 sending to M4: ACCEPTED:M2:1.M5:M3
M2 sending to M5: ACCEPTED:M2:1.M5:M3
M2 received: ACCEPTED:M4:1.M5:M3
M2 received: ACCEPTED:M3:1.M5:M3
M2 sending to M6: ACCEPTED:M2:1.M5:M3
M2 failed to send to M6: Connection refused
M2 sending to M7: ACCEPTED:M2:1.M5:M3
M2 failed to send to M7: Connection refused
M2 sending to M8: ACCEPTED:M2:1.M5:M3
M2 failed to send to M8: Connection refused
M2 sending to M9: ACCEPTED:M2:1.M5:M3
M2 failed to send to M9: Connection refused
M2 handling ACCEPTED: ACCEPTED:M1:1.M5:M3
M2 handling ACCEPTED: ACCEPTED:M4:1.M5:M3
M2 handling ACCEPTED: ACCEPTED:M3:1.M5:M3
CONSENSUS: M3 has been elected Council President!
