M4 started on port 8004
M4 started input socket on port 9004
M4 received: PREPARE:M3:1.M3:M3
M4 sending to M3: PROMISE:M4:1.M3
M4 received proposal input: M4
M4 proposing candidate M4 with proposal 1.M4
M4 broadcasting: PREPARE:M4:1.M4:M4
M4 sending to M1: PREPARE:M4:1.M4:M4
M4 sending to M2: PREPARE:M4:1.M4:M4
M4 sending to M3: PREPARE:M4:1.M4:M4
M4 failed to send to M3: Connection refused
M4 sending to M5: PREPARE:M4:1.M4:M4
M4 sending to M6: PREPARE:M4:1.M4:M4
M4 sending to M7: PREPARE:M4:1.M4:M4
M4 sending to M8: PREPARE:M4:1.M4:M4
M4 sending to M9: PREPARE:M4:1.M4:M4
M4 received: PROMISE:M1:1.M4
M4 received: PROMISE:M8:1.M4
M4 received: PROMISE:M5:1.M4
M4 received: PROMISE:M9:1.M4
M4 received: PROMISE:M7:1.M4
M4 received majority promises, sending ACCEPT_REQUEST for M4
M4 broadcasting: ACCEPT_REQUEST:M4:1.M4:M4
M4 sending to M1: ACCEPT_REQUEST:M4:1.M4:M4
M4 sending to M2: ACCEPT_REQUEST:M4:1.M4:M4
M4 sending to M3: ACCEPT_REQUEST:M4:1.M4:M4
M4 failed to send to M3: Connection refused
M4 sending to M5: ACCEPT_REQUEST:M4:1.M4:M4
M4 sending to M6: ACCEPT_REQUEST:M4:1.M4:M4
M4 sending to M7: ACCEPT_REQUEST:M4:1.M4:M4
M4 sending to M8: ACCEPT_REQUEST:M4:1.M4:M4
M4 sending to M9: ACCEPT_REQUEST:M4:1.M4:M4
M4 received: PROMISE:M6:1.M4
M4 received: ACCEPTED:M9:1.M4:M4
M4 handling ACCEPTED: ACCEPTED:M9:1.M4:M4
M4 received: ACCEPTED:M5:1.M4:M4
M4 handling ACCEPTED: ACCEPTED:M5:1.M4:M4
M4 received: ACCEPTED:M7:1.M4:M4
M4 handling ACCEPTED: ACCEPTED:M7:1.M4:M4
M4 received: ACCEPTED:M1:1.M4:M4
M4 handling ACCEPTED: ACCEPTED:M1:1.M4:M4
M4 received: PROMISE:M2:1.M4
M4 received: ACCEPTED:M8:1.M4:M4
M4 handling ACCEPTED: ACCEPTED:M8:1.M4:M4
CONSENSUS: M4 has been elected Council President!
