M5 started on port 8005
M5 started input socket on port 9005
M5 received: PREPARE:M3:1.M3:M3
M5 sending to M3: PROMISE:M5:1.M3
M5 received: PREPARE:M4:1.M4:M4
M5 sending to M4: PROMISE:M5:1.M4
M5 received: ACCEPT_REQUEST:M4:1.M4:M4
M5 broadcasting: ACCEPTED:M5:1.M4:M4
M5 sending to M1: ACCEPTED:M5:1.M4:M4
M5 sending to M2: ACCEPTED:M5:1.M4:M4
M5 sending to M3: ACCEPTED:M5:1.M4:M4
M5 failed to send to M3: Connection refused
M5 sending to M4: ACCEPTED:M5:1.M4:M4
M5 sending to M6: ACCEPTED:M5:1.M4:M4
M5 sending to M7: ACCEPTED:M5:1.M4:M4
M5 sending to M8: ACCEPTED:M5:1.M4:M4
M5 sending to M9: ACCEPTED:M5:1.M4:M4
M5 received: ACCEPTED:M7:1.M4:M4
M5 handling ACCEPTED: ACCEPTED:M7:1.M4:M4
M5 received: ACCEPTED:M1:1.M4:M4
M5 handling ACCEPTED: ACCEPTED:M1:1.M4:M4
M5 received: ACCEPTED:M8:1.M4:M4
M5 handling ACCEPTED: ACCEPTED:M8:1.M4:M4
M5 received: ACCEPTED:M6:1.M4:M4
M5 handling ACCEPTED: ACCEPTED:M6:1.M4:M4
CONSENSUS: M4 has been elected Council President!
