M7 started on port 8007
M7 started input socket on port 9007
M7 received: PREPARE:M3:1.M3:M3
M7 sending to M3: PROMISE:M7:1.M3
M7 received: PREPARE:M4:1.M4:M4
M7 sending to M4: PROMISE:M7:1.M4
M7 received: ACCEPT_REQUEST:M4:1.M4:M4
M7 broadcasting: ACCEPTED:M7:1.M4:M4
M7 sending to M1: ACCEPTED:M7:1.M4:M4
M7 sending to M2: ACCEPTED:M7:1.M4:M4
M7 sending to M3: ACCEPTED:M7:1.M4:M4
M7 failed to send to M3: Connection refused
M7 sending to M4: ACCEPTED:M7:1.M4:M4
M7 sending to M5: ACCEPTED:M7:1.M4:M4
M7 sending to M6: ACCEPTED:M7:1.M4:M4
M7 sending to M8: ACCEPTED:M7:1.M4:M4
M7 sending to M9: ACCEPTED:M7:1.M4:M4
M7 received: ACCEPTED:M1:1.M4:M4
M7 handling ACCEPTED: ACCEPTED:M1:1.M4:M4
M7 received: ACCEPTED:M8:1.M4:M4
M7 handling ACCEPTED: ACCEPTED:M8:1.M4:M4
M7 received: ACCEPTED:M6:1.M4:M4
M7 handling ACCEPTED: ACCEPTED:M6:1.M4:M4
M7 received: ACCEPTED:M9:1.M4:M4
M7 handling ACCEPTED: ACCEPTED:M9:1.M4:M4
CONSENSUS: M4 has been elected Council President!
