M9 started on port 8009
M9 started input socket on port 9009
M9 received: PREPARE:M4:1.M4:M4
M9 sending to M4: PROMISE:M9:1.M4
M9 received: ACCEPT_REQUEST:M4:1.M4:M4
M9 broadcasting: ACCEPTED:M9:1.M4:M4
M9 sending to M1: ACCEPTED:M9:1.M4:M4
M9 sending to M2: ACCEPTED:M9:1.M4:M4
M9 sending to M3: ACCEPTED:M9:1.M4:M4
M9 failed to send to M3: Connection refused
M9 sending to M4: ACCEPTED:M9:1.M4:M4
M9 sending to M5: ACCEPTED:M9:1.M4:M4
M9 sending to M6: ACCEPTED:M9:1.M4:M4
M9 sending to M7: ACCEPTED:M9:1.M4:M4
M9 sending to M8: ACCEPTED:M9:1.M4:M4
M9 received: ACCEPTED:M5:1.M4:M4
M9 handling ACCEPTED: ACCEPTED:M5:1.M4:M4
M9 received: ACCEPTED:M7:1.M4:M4
M9 handling ACCEPTED: ACCEPTED:M7:1.M4:M4
M9 received: ACCEPTED:M1:1.M4:M4
M9 handling ACCEPTED: ACCEPTED:M1:1.M4:M4
M9 received: ACCEPTED:M8:1.M4:M4
M9 handling ACCEPTED: ACCEPTED:M8:1.M4:M4
CONSENSUS: M4 has been elected Council President!
